<?xml version="1.0" encoding="UTF-8"?>
<testng-results skipped="0" failed="0" ignored="0" total="3" passed="3">
  <reporter-output>
  </reporter-output>
  <suite name="Default suite" duration-ms="46651" started-at="2019-06-18T21:19:19Z" finished-at="2019-06-18T21:20:06Z">
    <groups>
    </groups>
    <test name="Default test" duration-ms="46651" started-at="2019-06-18T21:19:19Z" finished-at="2019-06-18T21:20:06Z">
      <class name="tests.MainPageTest">
        <test-method status="PASS" signature="startBrowser()[pri:0, instance:tests.MainPageTest@685cb137]" name="startBrowser" is-config="true" duration-ms="4750" started-at="2019-06-18T21:19:19Z" finished-at="2019-06-18T21:19:24Z">
          <reporter-output>
          </reporter-output>
        </test-method> <!-- startBrowser -->
        <test-method status="PASS" signature="cookies()[pri:0, instance:tests.MainPageTest@685cb137]" name="cookies" duration-ms="4984" started-at="2019-06-18T21:19:24Z" finished-at="2019-06-18T21:19:29Z">
          <reporter-output>
          </reporter-output>
        </test-method> <!-- cookies -->
        <test-method status="PASS" signature="headerLinks()[pri:0, instance:tests.MainPageTest@685cb137]" name="headerLinks" duration-ms="33559" started-at="2019-06-18T21:19:29Z" finished-at="2019-06-18T21:20:02Z">
          <reporter-output>
          </reporter-output>
        </test-method> <!-- headerLinks -->
        <test-method status="PASS" signature="mainPageLoading()[pri:0, instance:tests.MainPageTest@685cb137]" name="mainPageLoading" duration-ms="2977" started-at="2019-06-18T21:20:02Z" finished-at="2019-06-18T21:20:05Z">
          <reporter-output>
          </reporter-output>
        </test-method> <!-- mainPageLoading -->
        <test-method status="PASS" signature="closeBrowser()[pri:0, instance:tests.MainPageTest@685cb137]" name="closeBrowser" is-config="true" duration-ms="339" started-at="2019-06-18T21:20:05Z" finished-at="2019-06-18T21:20:06Z">
          <reporter-output>
          </reporter-output>
        </test-method> <!-- closeBrowser -->
      </class> <!-- tests.MainPageTest -->
    </test> <!-- Default test -->
  </suite> <!-- Default suite -->
</testng-results>
