<?xml version="1.0" encoding="UTF-8"?>
<!-- Generated by org.testng.reporters.JUnitXMLReporter -->
<testsuite hostname="DESKTOP-P2734B8" ignored="0" name="Default test" tests="3" failures="0" timestamp="18 cze 2019 21:20:06 GMT" time="46.651" errors="0">
  <testcase name="cookies" time="4.984" classname="tests.MainPageTest"/>
  <testcase name="headerLinks" time="33.559" classname="tests.MainPageTest"/>
  <testcase name="mainPageLoading" time="2.977" classname="tests.MainPageTest"/>
</testsuite> <!-- Default test -->
