<?xml version="1.0" encoding="UTF-8"?>
<!-- Generated by org.testng.reporters.JUnitXMLReporter -->
<testsuite hostname="DESKTOP-P2734B8" ignored="0" name="Default test" tests="3" failures="0" timestamp="19 cze 2019 12:07:19 GMT" time="41.228" errors="0">
  <testcase name="cookies" time="4.745" classname="tests.MainPageTest"/>
  <testcase name="headerLinks" time="28.763" classname="tests.MainPageTest"/>
  <testcase name="mainPageLoading" time="2.177" classname="tests.MainPageTest"/>
</testsuite> <!-- Default test -->
